\BOOKMARK [0][-]{chapter.1}{\376\377\000P\000r\000o\000g\000e\000t\000t\000o\000\040\000P\000l\000a\000y\000e\000r\000\040\000A\000u\000d\000i\000o}{}
\BOOKMARK [1][-]{section.1.1}{\376\377\000I\000n\000t\000r\000o\000d\000u\000z\000i\000o\000n\000e}{chapter.1}
\BOOKMARK [1][-]{section.1.2}{\376\377\000I\000n\000s\000t\000a\000l\000l\000a\000z\000i\000o\000n\000e}{chapter.1}
\BOOKMARK [1][-]{section.1.3}{\376\377\000H\000a\000r\000d\000w\000a\000r\000e\000\040\000e\000\040\000I\000n\000f\000r\000a\000s\000t\000r\000u\000t\000t\000u\000r\000e}{chapter.1}
\BOOKMARK [1][-]{section.1.4}{\376\377\000S\000t\000r\000u\000t\000t\000u\000r\000a\000\040\000e\000\040\000c\000o\000d\000i\000c\000e\000\040\000d\000e\000l\000\040\000S\000e\000r\000v\000e\000r}{chapter.1}
\BOOKMARK [1][-]{section.1.5}{\376\377\000S\000t\000r\000u\000t\000t\000u\000r\000a\000\040\000e\000\040\000c\000o\000d\000i\000c\000e\000\040\000d\000e\000l\000l\000a\000\040\000p\000a\000r\000t\000e\000\040\000W\000e\000b}{chapter.1}
\BOOKMARK [1][-]{section.1.6}{\376\377\000S\000t\000r\000u\000t\000t\000u\000r\000a\000\040\000d\000e\000l\000l\000'\000a\000p\000p\000\040\000m\000o\000b\000i\000l\000e}{chapter.1}
\BOOKMARK [1][-]{section.1.7}{\376\377\000`\000\250\000C\000o\000m\000e\000\040\000s\000i\000\040\000u\000s\000a\000\277\000\250}{chapter.1}
\BOOKMARK [2][-]{subsection.1.7.1}{\376\377\000D\000a\000\040\000c\000o\000n\000s\000o\000l\000e}{section.1.7}
\BOOKMARK [2][-]{subsection.1.7.2}{\376\377\000D\000a\000\040\000s\000i\000t\000o\000\040\000w\000e\000b}{section.1.7}
\BOOKMARK [2][-]{subsection.1.7.3}{\376\377\000D\000a\000\040\000a\000p\000p\000l\000i\000c\000a\000z\000i\000o\000n\000e\000\040\000m\000o\000b\000i\000l\000e}{section.1.7}
\BOOKMARK [1][-]{section.1.8}{\376\377\000A\000p\000p\000l\000i\000c\000a\000z\000i\000o\000n\000i\000\040\000p\000r\000a\000t\000i\000c\000h\000e}{chapter.1}
\BOOKMARK [1][-]{section.1.9}{\376\377\000f\000u\000t\000u\000r\000e}{chapter.1}
\BOOKMARK [2][-]{subsection.1.9.1}{\376\377\000I\000n\000t\000e\000g\000r\000a\000z\000i\000o\000n\000e\000\040\000d\000i\000\040\000A\000P\000I}{section.1.9}
\BOOKMARK [2][-]{subsection.1.9.2}{\376\377\000R\000i\000s\000v\000e\000g\000l\000i\000o\000\040\000a\000u\000t\000o\000m\000a\000t\000i\000c\000o}{section.1.9}
\BOOKMARK [0][-]{chapter.2}{\376\377\000I\000n\000d\000i\000c\000e\000\040\000d\000e\000i\000\040\000t\000i\000p\000i\000\040\000c\000o\000m\000p\000o\000s\000t\000i}{}
\BOOKMARK [1][-]{section.2.1}{\376\377\000E\000l\000e\000n\000c\000o\000\040\000d\000e\000i\000\040\000t\000i\000p\000i\000\040\000c\000o\000m\000p\000o\000s\000t\000i}{chapter.2}
\BOOKMARK [0][-]{chapter.3}{\376\377\000I\000n\000d\000i\000c\000e\000\040\000d\000e\000i\000\040\000f\000i\000l\000e}{}
\BOOKMARK [1][-]{section.3.1}{\376\377\000E\000l\000e\000n\000c\000o\000\040\000d\000e\000i\000\040\000f\000i\000l\000e}{chapter.3}
\BOOKMARK [0][-]{chapter.4}{\376\377\000D\000o\000c\000u\000m\000e\000n\000t\000a\000z\000i\000o\000n\000e\000\040\000d\000e\000l\000l\000e\000\040\000c\000l\000a\000s\000s\000i}{}
\BOOKMARK [1][-]{section.4.1}{\376\377\000R\000i\000f\000e\000r\000i\000m\000e\000n\000t\000i\000\040\000p\000e\000r\000\040\000l\000a\000\040\000c\000l\000a\000s\000s\000e\000\040\000d\000a\000t\000a\000M\000a\000n\000a\000g\000e\000r}{chapter.4}
\BOOKMARK [2][-]{subsection.4.1.1}{\376\377\000D\000e\000s\000c\000r\000i\000z\000i\000o\000n\000e\000\040\000d\000e\000t\000t\000a\000g\000l\000i\000a\000t\000a}{section.4.1}
\BOOKMARK [2][-]{subsection.4.1.2}{\376\377\000D\000o\000c\000u\000m\000e\000n\000t\000a\000z\000i\000o\000n\000e\000\040\000d\000e\000i\000\040\000c\000o\000s\000t\000r\000u\000t\000t\000o\000r\000i\000\040\000e\000\040\000d\000e\000i\000\040\000d\000i\000s\000t\000r\000u\000t\000t\000o\000r\000i}{section.4.1}
\BOOKMARK [3][-]{subsubsection.4.1.2.1}{\376\377\000d\000a\000t\000a\000M\000a\000n\000a\000g\000e\000r}{subsection.4.1.2}
\BOOKMARK [3][-]{subsubsection.4.1.2.2}{\376\377\000d\000a\000t\000a\000M\000a\000n\000a\000g\000e\000r}{subsection.4.1.2}
\BOOKMARK [2][-]{subsection.4.1.3}{\376\377\000D\000o\000c\000u\000m\000e\000n\000t\000a\000z\000i\000o\000n\000e\000\040\000d\000e\000l\000l\000e\000\040\000f\000u\000n\000z\000i\000o\000n\000i\000\040\000m\000e\000m\000b\000r\000o}{section.4.1}
\BOOKMARK [3][-]{subsubsection.4.1.3.1}{\376\377\000d\000a\000t\000a\000\137\000t\000h\000r}{subsection.4.1.3}
\BOOKMARK [3][-]{subsubsection.4.1.3.2}{\376\377\000s\000e\000t\000S\000t\000r\000e\000a\000m}{subsection.4.1.3}
\BOOKMARK [2][-]{subsection.4.1.4}{\376\377\000D\000o\000c\000u\000m\000e\000n\000t\000a\000z\000i\000o\000n\000e\000\040\000d\000e\000i\000\040\000m\000e\000m\000b\000r\000i\000\040\000d\000a\000t\000o}{section.4.1}
\BOOKMARK [3][-]{subsubsection.4.1.4.1}{\376\377\000m\000e\000n\000u\000A\000c\000t\000i\000v\000e}{subsection.4.1.4}
\BOOKMARK [3][-]{subsubsection.4.1.4.2}{\376\377\000s\000t\000r\000e\000a\000m\000A\000c\000t\000i\000v\000e}{subsection.4.1.4}
\BOOKMARK [1][-]{section.4.2}{\376\377\000R\000i\000f\000e\000r\000i\000m\000e\000n\000t\000i\000\040\000p\000e\000r\000\040\000l\000a\000\040\000c\000l\000a\000s\000s\000e\000\040\000R\000i\000p\000r\000o\000d\000u\000t\000t\000o\000r\000e}{chapter.4}
\BOOKMARK [2][-]{subsection.4.2.1}{\376\377\000D\000e\000s\000c\000r\000i\000z\000i\000o\000n\000e\000\040\000d\000e\000t\000t\000a\000g\000l\000i\000a\000t\000a}{section.4.2}
\BOOKMARK [2][-]{subsection.4.2.2}{\376\377\000D\000o\000c\000u\000m\000e\000n\000t\000a\000z\000i\000o\000n\000e\000\040\000d\000e\000i\000\040\000c\000o\000s\000t\000r\000u\000t\000t\000o\000r\000i\000\040\000e\000\040\000d\000e\000i\000\040\000d\000i\000s\000t\000r\000u\000t\000t\000o\000r\000i}{section.4.2}
\BOOKMARK [3][-]{subsubsection.4.2.2.1}{\376\377\000R\000i\000p\000r\000o\000d\000u\000t\000t\000o\000r\000e}{subsection.4.2.2}
\BOOKMARK [3][-]{subsubsection.4.2.2.2}{\376\377\000R\000i\000p\000r\000o\000d\000u\000t\000t\000o\000r\000e}{subsection.4.2.2}
\BOOKMARK [2][-]{subsection.4.2.3}{\376\377\000D\000o\000c\000u\000m\000e\000n\000t\000a\000z\000i\000o\000n\000e\000\040\000d\000e\000l\000l\000e\000\040\000f\000u\000n\000z\000i\000o\000n\000i\000\040\000m\000e\000m\000b\000r\000o}{section.4.2}
\BOOKMARK [3][-]{subsubsection.4.2.3.1}{\376\377\000p\000l\000a\000y\000P\000a\000u\000s\000e}{subsection.4.2.3}
\BOOKMARK [3][-]{subsubsection.4.2.3.2}{\376\377\000p\000r\000e\000v\000S\000o\000n\000g}{subsection.4.2.3}
\BOOKMARK [3][-]{subsubsection.4.2.3.3}{\376\377\000s\000e\000t\000T\000r\000a\000c\000k\000E\000n\000d\000e\000d}{subsection.4.2.3}
\BOOKMARK [3][-]{subsubsection.4.2.3.4}{\376\377\000u\000p\000d\000a\000t\000e}{subsection.4.2.3}
\BOOKMARK [2][-]{subsection.4.2.4}{\376\377\000D\000o\000c\000u\000m\000e\000n\000t\000a\000z\000i\000o\000n\000e\000\040\000d\000e\000i\000\040\000m\000e\000m\000b\000r\000i\000\040\000d\000a\000t\000o}{section.4.2}
\BOOKMARK [3][-]{subsubsection.4.2.4.1}{\376\377\000l\000o\000c\000k\000a\000u\000d\000i\000o}{subsection.4.2.4}
\BOOKMARK [3][-]{subsubsection.4.2.4.2}{\376\377\000M\000u\000s\000i\000c\000a}{subsection.4.2.4}
\BOOKMARK [1][-]{section.4.3}{\376\377\000R\000i\000f\000e\000r\000i\000m\000e\000n\000t\000i\000\040\000p\000e\000r\000\040\000l\000a\000\040\000c\000l\000a\000s\000s\000e\000\040\000S\000e\000r\000v\000e\000r}{chapter.4}
\BOOKMARK [2][-]{subsection.4.3.1}{\376\377\000D\000e\000s\000c\000r\000i\000z\000i\000o\000n\000e\000\040\000d\000e\000t\000t\000a\000g\000l\000i\000a\000t\000a}{section.4.3}
\BOOKMARK [2][-]{subsection.4.3.2}{\376\377\000D\000o\000c\000u\000m\000e\000n\000t\000a\000z\000i\000o\000n\000e\000\040\000d\000e\000i\000\040\000c\000o\000s\000t\000r\000u\000t\000t\000o\000r\000i\000\040\000e\000\040\000d\000e\000i\000\040\000d\000i\000s\000t\000r\000u\000t\000t\000o\000r\000i}{section.4.3}
\BOOKMARK [3][-]{subsubsection.4.3.2.1}{\376\377\000S\000e\000r\000v\000e\000r}{subsection.4.3.2}
\BOOKMARK [2][-]{subsection.4.3.3}{\376\377\000D\000o\000c\000u\000m\000e\000n\000t\000a\000z\000i\000o\000n\000e\000\040\000d\000e\000l\000l\000e\000\040\000f\000u\000n\000z\000i\000o\000n\000i\000\040\000m\000e\000m\000b\000r\000o}{section.4.3}
\BOOKMARK [3][-]{subsubsection.4.3.3.1}{\376\377\000g\000e\000t\000A\000c\000t\000i\000v\000e\000d}{subsection.4.3.3}
\BOOKMARK [3][-]{subsubsection.4.3.3.2}{\376\377\000g\000e\000t\000A\000p\000p}{subsection.4.3.3}
\BOOKMARK [3][-]{subsubsection.4.3.3.3}{\376\377\000g\000e\000t\000D\000a\000t\000a}{subsection.4.3.3}
\BOOKMARK [3][-]{subsubsection.4.3.3.4}{\376\377\000g\000e\000t\000M\000e\000s\000s\000a\000g\000e}{subsection.4.3.3}
\BOOKMARK [3][-]{subsubsection.4.3.3.5}{\376\377\000i\000s\000C\000o\000n\000n}{subsection.4.3.3}
\BOOKMARK [1][-]{section.4.4}{\376\377\000R\000i\000f\000e\000r\000i\000m\000e\000n\000t\000i\000\040\000p\000e\000r\000\040\000l\000a\000\040\000c\000l\000a\000s\000s\000e\000\040\000u\000s\000b\000D\000a\000t\000a}{chapter.4}
\BOOKMARK [2][-]{subsection.4.4.1}{\376\377\000D\000e\000s\000c\000r\000i\000z\000i\000o\000n\000e\000\040\000d\000e\000t\000t\000a\000g\000l\000i\000a\000t\000a}{section.4.4}
\BOOKMARK [2][-]{subsection.4.4.2}{\376\377\000D\000o\000c\000u\000m\000e\000n\000t\000a\000z\000i\000o\000n\000e\000\040\000d\000e\000i\000\040\000c\000o\000s\000t\000r\000u\000t\000t\000o\000r\000i\000\040\000e\000\040\000d\000e\000i\000\040\000d\000i\000s\000t\000r\000u\000t\000t\000o\000r\000i}{section.4.4}
\BOOKMARK [3][-]{subsubsection.4.4.2.1}{\376\377\000u\000s\000b\000D\000a\000t\000a}{subsection.4.4.2}
\BOOKMARK [2][-]{subsection.4.4.3}{\376\377\000D\000o\000c\000u\000m\000e\000n\000t\000a\000z\000i\000o\000n\000e\000\040\000d\000e\000l\000l\000e\000\040\000f\000u\000n\000z\000i\000o\000n\000i\000\040\000m\000e\000m\000b\000r\000o}{section.4.4}
\BOOKMARK [3][-]{subsubsection.4.4.3.1}{\376\377\000g\000e\000t\000P\000u\000n\000t\000a\000t\000o\000r\000e}{subsection.4.4.3}
\BOOKMARK [3][-]{subsubsection.4.4.3.2}{\376\377\000i\000s\000A\000u\000d\000i\000o}{subsection.4.4.3}
\BOOKMARK [3][-]{subsubsection.4.4.3.3}{\376\377\000i\000s\000D\000i\000r}{subsection.4.4.3}
\BOOKMARK [3][-]{subsubsection.4.4.3.4}{\376\377\000s\000e\000t\000P\000u\000n\000t\000a\000t\000o\000r\000e}{subsection.4.4.3}
\BOOKMARK [2][-]{subsection.4.4.4}{\376\377\000D\000o\000c\000u\000m\000e\000n\000t\000a\000z\000i\000o\000n\000e\000\040\000d\000e\000i\000\040\000m\000e\000m\000b\000r\000i\000\040\000d\000a\000t\000o}{section.4.4}
\BOOKMARK [3][-]{subsubsection.4.4.4.1}{\376\377\000e\000l\000e\000m\000e\000n\000t\000i}{subsection.4.4.4}
\BOOKMARK [0][-]{chapter.5}{\376\377\000D\000o\000c\000u\000m\000e\000n\000t\000a\000z\000i\000o\000n\000e\000\040\000d\000e\000i\000\040\000f\000i\000l\000e}{}
\BOOKMARK [1][-]{section.5.1}{\376\377\000R\000i\000f\000e\000r\000i\000m\000e\000n\000t\000i\000\040\000p\000e\000r\000\040\000i\000l\000\040\000f\000i\000l\000e\000\040\000I\000n\000p\000u\000t\000/\000S\000o\000c\000k\000e\000t\000/\000S\000e\000r\000v\000e\000r\000.\000c\000p\000p}{chapter.5}
\BOOKMARK [2][-]{subsection.5.1.1}{\376\377\000D\000e\000s\000c\000r\000i\000z\000i\000o\000n\000e\000\040\000d\000e\000t\000t\000a\000g\000l\000i\000a\000t\000a}{section.5.1}
\BOOKMARK [1][-]{section.5.2}{\376\377\000I\000n\000p\000u\000t\000/\000S\000o\000c\000k\000e\000t\000/\000S\000e\000r\000v\000e\000r\000.\000c\000p\000p}{chapter.5}
\BOOKMARK [1][-]{section.5.3}{\376\377\000R\000i\000f\000e\000r\000i\000m\000e\000n\000t\000i\000\040\000p\000e\000r\000\040\000i\000l\000\040\000f\000i\000l\000e\000\040\000I\000n\000p\000u\000t\000/\000S\000o\000c\000k\000e\000t\000/\000S\000e\000r\000v\000e\000r\000.\000h}{chapter.5}
\BOOKMARK [2][-]{subsection.5.3.1}{\376\377\000D\000e\000s\000c\000r\000i\000z\000i\000o\000n\000e\000\040\000d\000e\000t\000t\000a\000g\000l\000i\000a\000t\000a}{section.5.3}
\BOOKMARK [1][-]{section.5.4}{\376\377\000I\000n\000p\000u\000t\000/\000S\000o\000c\000k\000e\000t\000/\000S\000e\000r\000v\000e\000r\000.\000h}{chapter.5}
\BOOKMARK [1][-]{section.5.5}{\376\377\000R\000i\000f\000e\000r\000i\000m\000e\000n\000t\000i\000\040\000p\000e\000r\000\040\000i\000l\000\040\000f\000i\000l\000e\000\040\000I\000n\000p\000u\000t\000/\000S\000o\000c\000k\000e\000t\000/\000S\000e\000r\000v\000e\000r\000U\000t\000i\000l\000.\000c\000p\000p}{chapter.5}
\BOOKMARK [2][-]{subsection.5.5.1}{\376\377\000D\000e\000s\000c\000r\000i\000z\000i\000o\000n\000e\000\040\000d\000e\000t\000t\000a\000g\000l\000i\000a\000t\000a}{section.5.5}
\BOOKMARK [2][-]{subsection.5.5.2}{\376\377\000D\000o\000c\000u\000m\000e\000n\000t\000a\000z\000i\000o\000n\000e\000\040\000d\000e\000l\000l\000e\000\040\000f\000u\000n\000z\000i\000o\000n\000i}{section.5.5}
\BOOKMARK [3][-]{subsubsection.5.5.2.1}{\376\377\000m\000a\000n\000d\000a\000D\000a\000t\000a}{subsection.5.5.2}
\BOOKMARK [3][-]{subsubsection.5.5.2.2}{\376\377\000o\000t\000t\000i\000e\000n\000i\000D\000a\000t\000a}{subsection.5.5.2}
\BOOKMARK [1][-]{section.5.6}{\376\377\000I\000n\000p\000u\000t\000/\000S\000o\000c\000k\000e\000t\000/\000S\000e\000r\000v\000e\000r\000U\000t\000i\000l\000.\000c\000p\000p}{chapter.5}
\BOOKMARK [1][-]{section.5.7}{\376\377\000R\000i\000f\000e\000r\000i\000m\000e\000n\000t\000i\000\040\000p\000e\000r\000\040\000i\000l\000\040\000f\000i\000l\000e\000\040\000I\000n\000p\000u\000t\000/\000u\000s\000b\000D\000a\000t\000a\000.\000c\000p\000p}{chapter.5}
\BOOKMARK [2][-]{subsection.5.7.1}{\376\377\000D\000e\000s\000c\000r\000i\000z\000i\000o\000n\000e\000\040\000d\000e\000t\000t\000a\000g\000l\000i\000a\000t\000a}{section.5.7}
\BOOKMARK [1][-]{section.5.8}{\376\377\000I\000n\000p\000u\000t\000/\000u\000s\000b\000D\000a\000t\000a\000.\000c\000p\000p}{chapter.5}
\BOOKMARK [1][-]{section.5.9}{\376\377\000R\000i\000f\000e\000r\000i\000m\000e\000n\000t\000i\000\040\000p\000e\000r\000\040\000i\000l\000\040\000f\000i\000l\000e\000\040\000I\000n\000p\000u\000t\000/\000u\000s\000b\000D\000a\000t\000a\000.\000h}{chapter.5}
\BOOKMARK [2][-]{subsection.5.9.1}{\376\377\000D\000e\000s\000c\000r\000i\000z\000i\000o\000n\000e\000\040\000d\000e\000t\000t\000a\000g\000l\000i\000a\000t\000a}{section.5.9}
\BOOKMARK [1][-]{section.5.10}{\376\377\000I\000n\000p\000u\000t\000/\000u\000s\000b\000D\000a\000t\000a\000.\000h}{chapter.5}
\BOOKMARK [1][-]{section.5.11}{\376\377\000R\000i\000f\000e\000r\000i\000m\000e\000n\000t\000i\000\040\000p\000e\000r\000\040\000i\000l\000\040\000f\000i\000l\000e\000\040\000m\000a\000i\000n\000\137\000c\000l\000i\000.\000c\000p\000p}{chapter.5}
\BOOKMARK [2][-]{subsection.5.11.1}{\376\377\000D\000e\000s\000c\000r\000i\000z\000i\000o\000n\000e\000\040\000d\000e\000t\000t\000a\000g\000l\000i\000a\000t\000a}{section.5.11}
\BOOKMARK [1][-]{section.5.12}{\376\377\000m\000a\000i\000n\000\137\000c\000l\000i\000.\000c\000p\000p}{chapter.5}
\BOOKMARK [1][-]{section.5.13}{\376\377\000R\000i\000f\000e\000r\000i\000m\000e\000n\000t\000i\000\040\000p\000e\000r\000\040\000i\000l\000\040\000f\000i\000l\000e\000\040\000O\000u\000t\000p\000u\000t\000/\000a\000o\000s\000e\000n\000d\000e\000r\000.\000c}{chapter.5}
\BOOKMARK [2][-]{subsection.5.13.1}{\376\377\000D\000e\000s\000c\000r\000i\000z\000i\000o\000n\000e\000\040\000d\000e\000t\000t\000a\000g\000l\000i\000a\000t\000a}{section.5.13}
\BOOKMARK [1][-]{section.5.14}{\376\377\000O\000u\000t\000p\000u\000t\000/\000a\000o\000s\000e\000n\000d\000e\000r\000.\000c}{chapter.5}
\BOOKMARK [1][-]{section.5.15}{\376\377\000R\000i\000f\000e\000r\000i\000m\000e\000n\000t\000i\000\040\000p\000e\000r\000\040\000i\000l\000\040\000f\000i\000l\000e\000\040\000P\000r\000o\000c\000e\000s\000s\000/\000d\000a\000t\000a\000M\000a\000n\000a\000g\000e\000r\000H\000u\000b\000.\000c\000p\000p}{chapter.5}
\BOOKMARK [2][-]{subsection.5.15.1}{\376\377\000D\000e\000s\000c\000r\000i\000z\000i\000o\000n\000e\000\040\000d\000e\000t\000t\000a\000g\000l\000i\000a\000t\000a}{section.5.15}
\BOOKMARK [1][-]{section.5.16}{\376\377\000P\000r\000o\000c\000e\000s\000s\000/\000d\000a\000t\000a\000M\000a\000n\000a\000g\000e\000r\000H\000u\000b\000.\000c\000p\000p}{chapter.5}
\BOOKMARK [1][-]{section.5.17}{\376\377\000R\000i\000f\000e\000r\000i\000m\000e\000n\000t\000i\000\040\000p\000e\000r\000\040\000i\000l\000\040\000f\000i\000l\000e\000\040\000P\000r\000o\000c\000e\000s\000s\000/\000d\000a\000t\000a\000M\000a\000n\000a\000g\000e\000r\000H\000u\000b\000.\000h}{chapter.5}
\BOOKMARK [2][-]{subsection.5.17.1}{\376\377\000D\000e\000s\000c\000r\000i\000z\000i\000o\000n\000e\000\040\000d\000e\000t\000t\000a\000g\000l\000i\000a\000t\000a}{section.5.17}
\BOOKMARK [1][-]{section.5.18}{\376\377\000P\000r\000o\000c\000e\000s\000s\000/\000d\000a\000t\000a\000M\000a\000n\000a\000g\000e\000r\000H\000u\000b\000.\000h}{chapter.5}
\BOOKMARK [1][-]{section.5.19}{\376\377\000R\000i\000f\000e\000r\000i\000m\000e\000n\000t\000i\000\040\000p\000e\000r\000\040\000i\000l\000\040\000f\000i\000l\000e\000\040\000P\000r\000o\000c\000e\000s\000s\000/\000f\000f\000m\000p\000e\000g\000.\000c\000p\000p}{chapter.5}
\BOOKMARK [2][-]{subsection.5.19.1}{\376\377\000D\000e\000s\000c\000r\000i\000z\000i\000o\000n\000e\000\040\000d\000e\000t\000t\000a\000g\000l\000i\000a\000t\000a}{section.5.19}
\BOOKMARK [1][-]{section.5.20}{\376\377\000P\000r\000o\000c\000e\000s\000s\000/\000f\000f\000m\000p\000e\000g\000.\000c\000p\000p}{chapter.5}
\BOOKMARK [1][-]{section.5.21}{\376\377\000R\000i\000f\000e\000r\000i\000m\000e\000n\000t\000i\000\040\000p\000e\000r\000\040\000i\000l\000\040\000f\000i\000l\000e\000\040\000P\000r\000o\000c\000e\000s\000s\000/\000f\000f\000m\000p\000e\000g\000.\000h}{chapter.5}
\BOOKMARK [2][-]{subsection.5.21.1}{\376\377\000D\000e\000s\000c\000r\000i\000z\000i\000o\000n\000e\000\040\000d\000e\000t\000t\000a\000g\000l\000i\000a\000t\000a}{section.5.21}
\BOOKMARK [1][-]{section.5.22}{\376\377\000P\000r\000o\000c\000e\000s\000s\000/\000f\000f\000m\000p\000e\000g\000.\000h}{chapter.5}
\BOOKMARK [1][-]{section.5.23}{\376\377\000R\000i\000f\000e\000r\000i\000m\000e\000n\000t\000i\000\040\000p\000e\000r\000\040\000i\000l\000\040\000f\000i\000l\000e\000\040\000P\000r\000o\000c\000e\000s\000s\000/\000m\000p\000g\0001\0002\0003\000.\000c}{chapter.5}
\BOOKMARK [2][-]{subsection.5.23.1}{\376\377\000D\000e\000s\000c\000r\000i\000z\000i\000o\000n\000e\000\040\000d\000e\000t\000t\000a\000g\000l\000i\000a\000t\000a}{section.5.23}
\BOOKMARK [2][-]{subsection.5.23.2}{\376\377\000D\000o\000c\000u\000m\000e\000n\000t\000a\000z\000i\000o\000n\000e\000\040\000d\000e\000l\000l\000e\000\040\000f\000u\000n\000z\000i\000o\000n\000i}{section.5.23}
\BOOKMARK [3][-]{subsubsection.5.23.2.1}{\376\377\000r\000e\000s\000e\000t\000M\000p\0003}{subsection.5.23.2}
\BOOKMARK [3][-]{subsubsection.5.23.2.2}{\376\377\000s\000e\000t\000M\000p\0003\000S\000t\000a\000t\000u\000s}{subsection.5.23.2}
\BOOKMARK [1][-]{section.5.24}{\376\377\000P\000r\000o\000c\000e\000s\000s\000/\000m\000p\000g\0001\0002\0003\000.\000c}{chapter.5}
\BOOKMARK [1][-]{section.5.25}{\376\377\000R\000i\000f\000e\000r\000i\000m\000e\000n\000t\000i\000\040\000p\000e\000r\000\040\000i\000l\000\040\000f\000i\000l\000e\000\040\000P\000r\000o\000c\000e\000s\000s\000/\000m\000p\000g\0001\0002\0003\000.\000h}{chapter.5}
\BOOKMARK [2][-]{subsection.5.25.1}{\376\377\000D\000e\000s\000c\000r\000i\000z\000i\000o\000n\000e\000\040\000d\000e\000t\000t\000a\000g\000l\000i\000a\000t\000a}{section.5.25}
\BOOKMARK [2][-]{subsection.5.25.2}{\376\377\000D\000o\000c\000u\000m\000e\000n\000t\000a\000z\000i\000o\000n\000e\000\040\000d\000e\000l\000l\000e\000\040\000f\000u\000n\000z\000i\000o\000n\000i}{section.5.25}
\BOOKMARK [3][-]{subsubsection.5.25.2.1}{\376\377\000r\000e\000s\000e\000t\000M\000p\0003}{subsection.5.25.2}
\BOOKMARK [3][-]{subsubsection.5.25.2.2}{\376\377\000s\000e\000t\000M\000p\0003\000S\000t\000a\000t\000u\000s}{subsection.5.25.2}
\BOOKMARK [1][-]{section.5.26}{\376\377\000P\000r\000o\000c\000e\000s\000s\000/\000m\000p\000g\0001\0002\0003\000.\000h}{chapter.5}
\BOOKMARK [1][-]{section.5.27}{\376\377\000R\000i\000f\000e\000r\000i\000m\000e\000n\000t\000i\000\040\000p\000e\000r\000\040\000i\000l\000\040\000f\000i\000l\000e\000\040\000P\000r\000o\000c\000e\000s\000s\000/\000R\000i\000p\000r\000o\000d\000u\000t\000t\000o\000r\000e\000.\000c\000p\000p}{chapter.5}
\BOOKMARK [2][-]{subsection.5.27.1}{\376\377\000D\000e\000s\000c\000r\000i\000z\000i\000o\000n\000e\000\040\000d\000e\000t\000t\000a\000g\000l\000i\000a\000t\000a}{section.5.27}
\BOOKMARK [1][-]{section.5.28}{\376\377\000P\000r\000o\000c\000e\000s\000s\000/\000R\000i\000p\000r\000o\000d\000u\000t\000t\000o\000r\000e\000.\000c\000p\000p}{chapter.5}
\BOOKMARK [1][-]{section.5.29}{\376\377\000R\000i\000f\000e\000r\000i\000m\000e\000n\000t\000i\000\040\000p\000e\000r\000\040\000i\000l\000\040\000f\000i\000l\000e\000\040\000P\000r\000o\000c\000e\000s\000s\000/\000R\000i\000p\000r\000o\000d\000u\000t\000t\000o\000r\000e\000.\000h}{chapter.5}
\BOOKMARK [2][-]{subsection.5.29.1}{\376\377\000D\000e\000s\000c\000r\000i\000z\000i\000o\000n\000e\000\040\000d\000e\000t\000t\000a\000g\000l\000i\000a\000t\000a}{section.5.29}
\BOOKMARK [1][-]{section.5.30}{\376\377\000P\000r\000o\000c\000e\000s\000s\000/\000R\000i\000p\000r\000o\000d\000u\000t\000t\000o\000r\000e\000.\000h}{chapter.5}
